<?xml version="1.0" encoding="UTF-8"?>
<testsuite xmlns:xsi="http://www.w3.org/2001/XMLSchema-instance" xsi:noNamespaceSchemaLocation="https://maven.apache.org/surefire/maven-surefire-plugin/xsd/surefire-test-report.xsd" version="3.0.2" name="com.project.job_application_form.JobApplicationFormApplicationTests" time="6.105" tests="1" errors="0" skipped="0" failures="0">
  <properties>
[...]
</properties>
  <testcase name="contextLoads" classname="com.project.job_application_form.JobApplicationFormApplicationTests" time="0.565">
    <system-out><![CDATA[00:55:19.725 [main] INFO org.springframework.test.context.support.AnnotationConfigContextLoaderUtils -- Could not detect default configuration classes for test class [com.project.job_application_form.JobApplicationFormApplicationTests]: JobApplicationFormApplicationTests does not declare any static, non-private, non-final, nested classes annotated with @Configuration.
00:55:19.865 [main] INFO org.springframework.boot.test.context.SpringBootTestContextBootstrapper -- Found @SpringBootConfiguration com.project.job_application_form.JobApplicationFormApplication for test class com.project.job_application_form.JobApplicationFormApplicationTests
00:55:20.079 [main] INFO org.springframework.boot.devtools.restart.RestartApplicationListener -- Restart disabled due to context in which it is running

  .   ____          _            __ _ _
 /\\ / ___'_ __ _ _(_)_ __  __ _ \ \ \ \
( ( )\___ | '_ | '_| | '_ \/ _` | \ \ \ \
 \\/  ___)| |_)| | | | | || (_| |  ) ) ) )
  '  |____| .__|_| |_|_| |_\__, | / / / /
 =========|_|==============|___/=/_/_/_/

 :: Spring Boot ::                (v3.4.1)

2025-01-21T00:55:20.412+05:00  INFO 9848 --- [job-application-form] [           main] c.p.j.JobApplicationFormApplicationTests : Starting JobApplicationFormApplicationTests using Java 21.0.5 with PID 9848 (started by svyat in C:\Users\svyat\IdeaProjects\job-application-form)
2025-01-21T00:55:20.414+05:00  INFO 9848 --- [job-application-form] [           main] c.p.j.JobApplicationFormApplicationTests : No active profile set, falling back to 1 default profile: "default"
2025-01-21T00:55:21.214+05:00  INFO 9848 --- [job-application-form] [           main] .s.d.r.c.RepositoryConfigurationDelegate : Bootstrapping Spring Data JPA repositories in DEFAULT mode.
2025-01-21T00:55:21.291+05:00  INFO 9848 --- [job-application-form] [           main] .s.d.r.c.RepositoryConfigurationDelegate : Finished Spring Data repository scanning in 61 ms. Found 1 JPA repository interface.
2025-01-21T00:55:21.863+05:00  INFO 9848 --- [job-application-form] [           main] o.hibernate.jpa.internal.util.LogHelper  : HHH000204: Processing PersistenceUnitInfo [name: default]
2025-01-21T00:55:21.943+05:00  INFO 9848 --- [job-application-form] [           main] org.hibernate.Version                    : HHH000412: Hibernate ORM core version 6.6.4.Final
2025-01-21T00:55:21.987+05:00  INFO 9848 --- [job-application-form] [           main] o.h.c.internal.RegionFactoryInitiator    : HHH000026: Second-level cache disabled
2025-01-21T00:55:22.375+05:00  INFO 9848 --- [job-application-form] [           main] o.s.o.j.p.SpringPersistenceUnitInfo      : No LoadTimeWeaver setup: ignoring JPA class transformer
2025-01-21T00:55:22.416+05:00  INFO 9848 --- [job-application-form] [           main] com.zaxxer.hikari.HikariDataSource       : HikariPool-1 - Starting...
2025-01-21T00:55:22.655+05:00  INFO 9848 --- [job-application-form] [           main] com.zaxxer.hikari.pool.HikariPool        : HikariPool-1 - Added connection conn0: url=jdbc:h2:mem:testdb user=SA
2025-01-21T00:55:22.658+05:00  INFO 9848 --- [job-application-form] [           main] com.zaxxer.hikari.HikariDataSource       : HikariPool-1 - Start completed.
2025-01-21T00:55:22.740+05:00  INFO 9848 --- [job-application-form] [           main] org.hibernate.orm.connections.pooling    : HHH10001005: Database info:
	Database JDBC URL [Connecting through datasource 'HikariDataSource (HikariPool-1)']
	Database driver: undefined/unknown
	Database version: 2.3.232
	Autocommit mode: undefined/unknown
	Isolation level: undefined/unknown
	Minimum pool size: undefined/unknown
	Maximum pool size: undefined/unknown
2025-01-21T00:55:23.931+05:00  INFO 9848 --- [job-application-form] [           main] o.h.e.t.j.p.i.JtaPlatformInitiator       : HHH000489: No JTA platform available (set 'hibernate.transaction.jta.platform' to enable JTA platform integration)
Hibernate: create table address (id bigint generated by default as identity, address_type varchar(255), area varchar(255), block varchar(255), city varchar(255), district varchar(255), flat varchar(255), house varchar(255), street varchar(255), candidate_id bigint, primary key (id))
Hibernate: create table candidate (id bigint generated by default as identity, birth_date date, birth_place varchar(255), citizenship varchar(255), document_name varchar(255), document_number varchar(255), issued_by varchar(255), issued_date date, full_name varchar(255), iin varchar(255), is_same_as_permanent_address boolean not null, nationality varchar(255), previous_surname varchar(255), primary key (id))
Hibernate: create table contacts (id bigint generated by default as identity, e_mail varchar(255), number_business varchar(255), number_home varchar(255), number_mobile varchar(255), full_name_relativ varchar(255), number_relativ varchar(255), relationship varchar(255), candidate_id bigint, primary key (id))
Hibernate: create table courses (id bigint generated by default as identity, сourses_certificates varchar(255), сourses_duration varchar(255), сourses_name varchar(255), сourses_specialization varchar(255), сourses_start_year varchar(255), candidate_id bigint, primary key (id))
Hibernate: create table education (id bigint generated by default as identity, education_end_year varchar(255), education_form_education varchar(255), education_institution_name varchar(255), education_qualification varchar(255), education_specialization varchar(255), education_start_year varchar(255), candidate_id bigint, primary key (id))
Hibernate: alter table if exists address add constraint FK2c54ocyjcyisbifvy8fn2rp6j foreign key (candidate_id) references candidate
Hibernate: alter table if exists contacts add constraint FK3ky5dlpx13nw2gtknx5u1bl1 foreign key (candidate_id) references candidate
Hibernate: alter table if exists courses add constraint FKlfupvpuj27tg13r0h36ayltaq foreign key (candidate_id) references candidate
Hibernate: alter table if exists education add constraint FKafkm5slwf4fk1tx4uf4cwlxor foreign key (candidate_id) references candidate
2025-01-21T00:55:24.019+05:00  INFO 9848 --- [job-application-form] [           main] j.LocalContainerEntityManagerFactoryBean : Initialized JPA EntityManagerFactory for persistence unit 'default'
2025-01-21T00:55:24.234+05:00  WARN 9848 --- [job-application-form] [           main] JpaBaseConfiguration$JpaWebConfiguration : spring.jpa.open-in-view is enabled by default. Therefore, database queries may be performed during view rendering. Explicitly configure spring.jpa.open-in-view to disable this warning
2025-01-21T00:55:24.957+05:00  INFO 9848 --- [job-application-form] [           main] o.s.b.a.h2.H2ConsoleAutoConfiguration    : H2 console available at '/h2-console'. Database available at 'jdbc:h2:mem:testdb'
2025-01-21T00:55:25.043+05:00  INFO 9848 --- [job-application-form] [           main] c.p.j.JobApplicationFormApplicationTests : Started JobApplicationFormApplicationTests in 4.981 seconds (process running for 6.185)
]]></system-out>
    <system-err><![CDATA[Mockito is currently self-attaching to enable the inline-mock-maker. This will no longer work in future releases of the JDK. Please add Mockito as an agent to your build what is described in Mockito's documentation: https://javadoc.io/doc/org.mockito/mockito-core/latest/org/mockito/Mockito.html#0.3
WARNING: A Java agent has been loaded dynamically (C:\Users\svyat\.m2\repository\net\bytebuddy\byte-buddy-agent\1.15.11\byte-buddy-agent-1.15.11.jar)
WARNING: If a serviceability tool is in use, please run with -XX:+EnableDynamicAgentLoading to hide this warning
WARNING: If a serviceability tool is not in use, please run with -Djdk.instrument.traceUsage for more information
WARNING: Dynamic loading of agents will be disallowed by default in a future release
]]></system-err>
  </testcase>
</testsuite>